[2025-03-18 15:00:01] Running maintenance
[2025-03-18 15:00:01] Browser not running, restarting
[2025-03-18 15:00:01] System uptime: up 22 hours, 54 minutes
[2025-03-18 15:00:01] Maintenance completed
[2025-03-18 16:00:01] Running maintenance
[2025-03-18 16:00:01] System uptime: up 13 minutes
[2025-03-18 16:00:01] Maintenance completed
[2025-03-18 17:00:01] Running maintenance
[2025-03-18 17:00:01] Browser not running, restarting
[2025-03-18 17:00:01] System uptime: up 1 hour, 13 minutes
[2025-03-18 17:00:01] Maintenance completed
[2025-03-18 18:00:01] Running maintenance
[2025-03-18 18:00:01] Browser not running, restarting
[2025-03-18 18:00:01] System uptime: up 2 hours, 13 minutes
[2025-03-18 18:00:01] Maintenance completed
[2025-03-18 19:00:01] Running maintenance
[2025-03-18 19:00:01] Browser not running, restarting
[2025-03-18 19:00:01] System uptime: up 3 hours, 13 minutes
[2025-03-18 19:00:01] Maintenance completed
[2025-03-18 20:00:01] Running maintenance
[2025-03-18 20:00:01] Browser not running, restarting
[2025-03-18 20:00:01] System uptime: up 4 hours, 13 minutes
[2025-03-18 20:00:01] Maintenance completed
[2025-03-18 21:00:01] Running maintenance
[2025-03-18 21:00:01] Browser not running, restarting
[2025-03-18 21:00:02] System uptime: up 5 hours, 13 minutes
[2025-03-18 21:00:02] Maintenance completed
[2025-03-18 22:00:01] Running maintenance
[2025-03-18 22:00:01] Browser not running, restarting
[2025-03-18 22:00:01] System uptime: up 6 hours, 13 minutes
[2025-03-18 22:00:01] Maintenance completed
[2025-03-18 23:00:01] Running maintenance
[2025-03-18 23:00:01] Browser not running, restarting
[2025-03-18 23:00:01] System uptime: up 7 hours, 13 minutes
[2025-03-18 23:00:01] Maintenance completed
[2025-03-19 00:00:01] Running maintenance
[2025-03-19 00:00:01] Browser not running, restarting
[2025-03-19 00:00:01] System uptime: up 8 hours, 13 minutes
[2025-03-19 00:00:01] Maintenance completed
[2025-03-19 01:00:01] Running maintenance
[2025-03-19 01:00:01] Browser not running, restarting
[2025-03-19 01:00:01] System uptime: up 9 hours, 13 minutes
[2025-03-19 01:00:01] Maintenance completed
[2025-03-19 02:00:01] Running maintenance
[2025-03-19 02:00:01] Browser not running, restarting
[2025-03-19 02:00:01] Performing scheduled Git pull
ssh_askpass: exec(/usr/bin/ssh-askpass): No such file or directory
git@github.com: Permission denied (publickey).
fatal: Could not read from remote repository.

Please make sure you have the correct access rights
and the repository exists.
[2025-03-19 02:00:01] System uptime: up 10 hours, 13 minutes
[2025-03-19 02:00:01] Maintenance completed
[2025-03-19 03:00:01] Running maintenance
[2025-03-19 03:00:01] Browser not running, restarting
[2025-03-19 03:00:01] Performing scheduled browser restart
[2025-03-19 03:00:06] System uptime: up 11 hours, 13 minutes
[2025-03-19 03:00:06] Maintenance completed
[2025-03-19 04:00:01] Running maintenance
[2025-03-19 04:00:01] Browser not running, restarting
[2025-03-19 04:00:01] Checking for system updates
[2025-03-19 04:00:10] 10 system updates available
[2025-03-19 04:00:10] System uptime: up 12 hours, 13 minutes
[2025-03-19 04:00:10] Maintenance completed
[2025-03-19 05:00:01] Running maintenance
[2025-03-19 05:00:01] Browser not running, restarting
[2025-03-19 05:00:01] System uptime: up 13 hours, 13 minutes
[2025-03-19 05:00:01] Maintenance completed
[2025-03-19 06:00:01] Running maintenance
[2025-03-19 06:00:01] Browser not running, restarting
[2025-03-19 06:00:01] System uptime: up 14 hours, 13 minutes
[2025-03-19 06:00:01] Maintenance completed
[2025-03-19 07:00:01] Running maintenance
[2025-03-19 07:00:01] Browser not running, restarting
[2025-03-19 07:00:01] System uptime: up 15 hours, 13 minutes
[2025-03-19 07:00:01] Maintenance completed
[2025-03-19 08:00:01] Running maintenance
[2025-03-19 08:00:01] Browser not running, restarting
[2025-03-19 08:00:01] System uptime: up 16 hours, 13 minutes
[2025-03-19 08:00:01] Maintenance completed
[2025-03-19 09:00:01] Running maintenance
[2025-03-19 09:00:01] Browser not running, restarting
[2025-03-19 09:00:01] System uptime: up 11 minutes
[2025-03-19 09:00:01] Maintenance completed
[2025-03-19 10:00:01] Running maintenance
[2025-03-19 10:00:01] Browser not running, restarting
[2025-03-19 10:00:01] System uptime: up 1 hour, 11 minutes
[2025-03-19 10:00:01] Maintenance completed
[2025-03-19 11:00:01] Running maintenance
[2025-03-19 11:00:01] Browser not running, restarting
[2025-03-19 11:00:01] System uptime: up 2 hours, 11 minutes
[2025-03-19 11:00:01] Maintenance completed
